<?xml version="1.0" encoding="UTF-8"?>
<testsuite xmlns:xsi="http://www.w3.org/2001/XMLSchema-instance" xsi:noNamespaceSchemaLocation="https://maven.apache.org/surefire/maven-surefire-plugin/xsd/surefire-test-report.xsd" version="3.0.1" name="TestSuite" time="79.071" tests="32" errors="0" skipped="0" failures="0">
  <properties>
    <property name="java.specification.version" value="17"/>
    <property name="webdriver.chrome.driver" value="C:\WebDriver\chromedriver.exe"/>
    <property name="sun.cpu.isalist" value="amd64"/>
    <property name="sun.jnu.encoding" value="Cp1252"/>
    <property name="java.class.path" value="D:\Siva\Se\seJava_Project\seJava_Project\target\test-classes;D:\Siva\Se\seJava_Project\seJava_Project\target\classes;C:\Users\Preethi Mohan\.m2\repository\org\seleniumhq\selenium\selenium-java\4.21.0\selenium-java-4.21.0.jar;C:\Users\Preethi Mohan\.m2\repository\org\seleniumhq\selenium\selenium-api\4.21.0\selenium-api-4.21.0.jar;C:\Users\Preethi Mohan\.m2\repository\org\seleniumhq\selenium\selenium-chrome-driver\4.21.0\selenium-chrome-driver-4.21.0.jar;C:\Users\Preethi Mohan\.m2\repository\com\google\auto\service\auto-service-annotations\1.1.1\auto-service-annotations-1.1.1.jar;C:\Users\Preethi Mohan\.m2\repository\org\seleniumhq\selenium\selenium-chromium-driver\4.21.0\selenium-chromium-driver-4.21.0.jar;C:\Users\Preethi Mohan\.m2\repository\org\seleniumhq\selenium\selenium-json\4.21.0\selenium-json-4.21.0.jar;C:\Users\Preethi Mohan\.m2\repository\org\seleniumhq\selenium\selenium-manager\4.21.0\selenium-manager-4.21.0.jar;C:\Users\Preethi Mohan\.m2\repository\org\seleniumhq\selenium\selenium-devtools-v123\4.21.0\selenium-devtools-v123-4.21.0.jar;C:\Users\Preethi Mohan\.m2\repository\org\seleniumhq\selenium\selenium-devtools-v124\4.21.0\selenium-devtools-v124-4.21.0.jar;C:\Users\Preethi Mohan\.m2\repository\org\seleniumhq\selenium\selenium-devtools-v125\4.21.0\selenium-devtools-v125-4.21.0.jar;C:\Users\Preethi Mohan\.m2\repository\org\seleniumhq\selenium\selenium-devtools-v85\4.21.0\selenium-devtools-v85-4.21.0.jar;C:\Users\Preethi Mohan\.m2\repository\org\seleniumhq\selenium\selenium-edge-driver\4.21.0\selenium-edge-driver-4.21.0.jar;C:\Users\Preethi Mohan\.m2\repository\org\seleniumhq\selenium\selenium-firefox-driver\4.21.0\selenium-firefox-driver-4.21.0.jar;C:\Users\Preethi Mohan\.m2\repository\org\seleniumhq\selenium\selenium-http\4.21.0\selenium-http-4.21.0.jar;C:\Users\Preethi Mohan\.m2\repository\dev\failsafe\failsafe\3.3.2\failsafe-3.3.2.jar;C:\Users\Preethi Mohan\.m2\repository\org\seleniumhq\selenium\selenium-ie-driver\4.21.0\selenium-ie-driver-4.21.0.jar;C:\Users\Preethi Mohan\.m2\repository\org\seleniumhq\selenium\selenium-remote-driver\4.21.0\selenium-remote-driver-4.21.0.jar;C:\Users\Preethi Mohan\.m2\repository\com\google\guava\guava\33.2.0-jre\guava-33.2.0-jre.jar;C:\Users\Preethi Mohan\.m2\repository\com\google\guava\failureaccess\1.0.2\failureaccess-1.0.2.jar;C:\Users\Preethi Mohan\.m2\repository\com\google\guava\listenablefuture\9999.0-empty-to-avoid-conflict-with-guava\listenablefuture-9999.0-empty-to-avoid-conflict-with-guava.jar;C:\Users\Preethi Mohan\.m2\repository\com\google\code\findbugs\jsr305\3.0.2\jsr305-3.0.2.jar;C:\Users\Preethi Mohan\.m2\repository\org\checkerframework\checker-qual\3.42.0\checker-qual-3.42.0.jar;C:\Users\Preethi Mohan\.m2\repository\com\google\j2objc\j2objc-annotations\3.0.0\j2objc-annotations-3.0.0.jar;C:\Users\Preethi Mohan\.m2\repository\io\opentelemetry\semconv\opentelemetry-semconv\1.25.0-alpha\opentelemetry-semconv-1.25.0-alpha.jar;C:\Users\Preethi Mohan\.m2\repository\io\opentelemetry\opentelemetry-api\1.38.0\opentelemetry-api-1.38.0.jar;C:\Users\Preethi Mohan\.m2\repository\io\opentelemetry\opentelemetry-context\1.38.0\opentelemetry-context-1.38.0.jar;C:\Users\Preethi Mohan\.m2\repository\io\opentelemetry\opentelemetry-exporter-logging\1.38.0\opentelemetry-exporter-logging-1.38.0.jar;C:\Users\Preethi Mohan\.m2\repository\io\opentelemetry\opentelemetry-sdk-common\1.38.0\opentelemetry-sdk-common-1.38.0.jar;C:\Users\Preethi Mohan\.m2\repository\io\opentelemetry\opentelemetry-sdk-extension-autoconfigure-spi\1.38.0\opentelemetry-sdk-extension-autoconfigure-spi-1.38.0.jar;C:\Users\Preethi Mohan\.m2\repository\io\opentelemetry\opentelemetry-sdk-extension-autoconfigure\1.38.0\opentelemetry-sdk-extension-autoconfigure-1.38.0.jar;C:\Users\Preethi Mohan\.m2\repository\io\opentelemetry\opentelemetry-api-incubator\1.38.0-alpha\opentelemetry-api-incubator-1.38.0-alpha.jar;C:\Users\Preethi Mohan\.m2\repository\io\opentelemetry\opentelemetry-sdk-trace\1.38.0\opentelemetry-sdk-trace-1.38.0.jar;C:\Users\Preethi Mohan\.m2\repository\io\opentelemetry\opentelemetry-sdk\1.38.0\opentelemetry-sdk-1.38.0.jar;C:\Users\Preethi Mohan\.m2\repository\io\opentelemetry\opentelemetry-sdk-metrics\1.38.0\opentelemetry-sdk-metrics-1.38.0.jar;C:\Users\Preethi Mohan\.m2\repository\io\opentelemetry\opentelemetry-sdk-logs\1.38.0\opentelemetry-sdk-logs-1.38.0.jar;C:\Users\Preethi Mohan\.m2\repository\net\bytebuddy\byte-buddy\1.14.15\byte-buddy-1.14.15.jar;C:\Users\Preethi Mohan\.m2\repository\org\seleniumhq\selenium\selenium-os\4.21.0\selenium-os-4.21.0.jar;C:\Users\Preethi Mohan\.m2\repository\org\apache\commons\commons-exec\1.4.0\commons-exec-1.4.0.jar;C:\Users\Preethi Mohan\.m2\repository\org\seleniumhq\selenium\selenium-safari-driver\4.21.0\selenium-safari-driver-4.21.0.jar;C:\Users\Preethi Mohan\.m2\repository\org\seleniumhq\selenium\selenium-support\4.21.0\selenium-support-4.21.0.jar;C:\Users\Preethi Mohan\.m2\repository\org\testng\testng\7.10.2\testng-7.10.2.jar;C:\Users\Preethi Mohan\.m2\repository\org\slf4j\slf4j-api\1.7.36\slf4j-api-1.7.36.jar;C:\Users\Preethi Mohan\.m2\repository\com\beust\jcommander\1.82\jcommander-1.82.jar;C:\Users\Preethi Mohan\.m2\repository\org\webjars\jquery\3.7.1\jquery-3.7.1.jar;C:\Users\Preethi Mohan\.m2\repository\com\fasterxml\jackson\core\jackson-databind\2.17.1\jackson-databind-2.17.1.jar;C:\Users\Preethi Mohan\.m2\repository\com\fasterxml\jackson\core\jackson-annotations\2.17.1\jackson-annotations-2.17.1.jar;C:\Users\Preethi Mohan\.m2\repository\com\fasterxml\jackson\core\jackson-core\2.17.1\jackson-core-2.17.1.jar;C:\Users\Preethi Mohan\.m2\repository\commons-io\commons-io\2.16.1\commons-io-2.16.1.jar;C:\Users\Preethi Mohan\.m2\repository\com\aventstack\extentreports\5.1.1\extentreports-5.1.1.jar;C:\Users\Preethi Mohan\.m2\repository\io\reactivex\rxjava3\rxjava\3.1.6\rxjava-3.1.6.jar;C:\Users\Preethi Mohan\.m2\repository\org\reactivestreams\reactive-streams\1.0.4\reactive-streams-1.0.4.jar;C:\Users\Preethi Mohan\.m2\repository\org\freemarker\freemarker\2.3.32\freemarker-2.3.32.jar;C:\Users\Preethi Mohan\.m2\repository\org\projectlombok\lombok\1.18.26\lombok-1.18.26.jar;C:\Users\Preethi Mohan\.m2\repository\com\google\code\gson\gson\2.11.0\gson-2.11.0.jar;C:\Users\Preethi Mohan\.m2\repository\com\google\errorprone\error_prone_annotations\2.27.0\error_prone_annotations-2.27.0.jar;"/>
    <property name="java.vm.vendor" value="Oracle Corporation"/>
    <property name="sun.arch.data.model" value="64"/>
    <property name="user.variant" value=""/>
    <property name="java.vendor.url" value="https://java.oracle.com/"/>
    <property name="user.timezone" value="Asia/Calcutta"/>
    <property name="os.name" value="Windows 10"/>
    <property name="java.vm.specification.version" value="17"/>
    <property name="sun.java.launcher" value="SUN_STANDARD"/>
    <property name="user.country" value="IN"/>
    <property name="sun.boot.library.path" value="C:\Program Files\Java\jdk-17.0.1\bin"/>
    <property name="sun.java.command" value="C:\Users\Preethi Mohan\AppData\Local\Temp\surefire10088572567701403355\surefirebooter-20240820101244456_3.jar C:\Users\Preethi Mohan\AppData\Local\Temp\surefire10088572567701403355 2024-08-20T10-12-44_256-jvmRun1 surefire-20240820101244456_1tmp surefire_0-20240820101244456_2tmp"/>
    <property name="jdk.debug" value="release"/>
    <property name="surefire.test.class.path" value="D:\Siva\Se\seJava_Project\seJava_Project\target\test-classes;D:\Siva\Se\seJava_Project\seJava_Project\target\classes;C:\Users\Preethi Mohan\.m2\repository\org\seleniumhq\selenium\selenium-java\4.21.0\selenium-java-4.21.0.jar;C:\Users\Preethi Mohan\.m2\repository\org\seleniumhq\selenium\selenium-api\4.21.0\selenium-api-4.21.0.jar;C:\Users\Preethi Mohan\.m2\repository\org\seleniumhq\selenium\selenium-chrome-driver\4.21.0\selenium-chrome-driver-4.21.0.jar;C:\Users\Preethi Mohan\.m2\repository\com\google\auto\service\auto-service-annotations\1.1.1\auto-service-annotations-1.1.1.jar;C:\Users\Preethi Mohan\.m2\repository\org\seleniumhq\selenium\selenium-chromium-driver\4.21.0\selenium-chromium-driver-4.21.0.jar;C:\Users\Preethi Mohan\.m2\repository\org\seleniumhq\selenium\selenium-json\4.21.0\selenium-json-4.21.0.jar;C:\Users\Preethi Mohan\.m2\repository\org\seleniumhq\selenium\selenium-manager\4.21.0\selenium-manager-4.21.0.jar;C:\Users\Preethi Mohan\.m2\repository\org\seleniumhq\selenium\selenium-devtools-v123\4.21.0\selenium-devtools-v123-4.21.0.jar;C:\Users\Preethi Mohan\.m2\repository\org\seleniumhq\selenium\selenium-devtools-v124\4.21.0\selenium-devtools-v124-4.21.0.jar;C:\Users\Preethi Mohan\.m2\repository\org\seleniumhq\selenium\selenium-devtools-v125\4.21.0\selenium-devtools-v125-4.21.0.jar;C:\Users\Preethi Mohan\.m2\repository\org\seleniumhq\selenium\selenium-devtools-v85\4.21.0\selenium-devtools-v85-4.21.0.jar;C:\Users\Preethi Mohan\.m2\repository\org\seleniumhq\selenium\selenium-edge-driver\4.21.0\selenium-edge-driver-4.21.0.jar;C:\Users\Preethi Mohan\.m2\repository\org\seleniumhq\selenium\selenium-firefox-driver\4.21.0\selenium-firefox-driver-4.21.0.jar;C:\Users\Preethi Mohan\.m2\repository\org\seleniumhq\selenium\selenium-http\4.21.0\selenium-http-4.21.0.jar;C:\Users\Preethi Mohan\.m2\repository\dev\failsafe\failsafe\3.3.2\failsafe-3.3.2.jar;C:\Users\Preethi Mohan\.m2\repository\org\seleniumhq\selenium\selenium-ie-driver\4.21.0\selenium-ie-driver-4.21.0.jar;C:\Users\Preethi Mohan\.m2\repository\org\seleniumhq\selenium\selenium-remote-driver\4.21.0\selenium-remote-driver-4.21.0.jar;C:\Users\Preethi Mohan\.m2\repository\com\google\guava\guava\33.2.0-jre\guava-33.2.0-jre.jar;C:\Users\Preethi Mohan\.m2\repository\com\google\guava\failureaccess\1.0.2\failureaccess-1.0.2.jar;C:\Users\Preethi Mohan\.m2\repository\com\google\guava\listenablefuture\9999.0-empty-to-avoid-conflict-with-guava\listenablefuture-9999.0-empty-to-avoid-conflict-with-guava.jar;C:\Users\Preethi Mohan\.m2\repository\com\google\code\findbugs\jsr305\3.0.2\jsr305-3.0.2.jar;C:\Users\Preethi Mohan\.m2\repository\org\checkerframework\checker-qual\3.42.0\checker-qual-3.42.0.jar;C:\Users\Preethi Mohan\.m2\repository\com\google\j2objc\j2objc-annotations\3.0.0\j2objc-annotations-3.0.0.jar;C:\Users\Preethi Mohan\.m2\repository\io\opentelemetry\semconv\opentelemetry-semconv\1.25.0-alpha\opentelemetry-semconv-1.25.0-alpha.jar;C:\Users\Preethi Mohan\.m2\repository\io\opentelemetry\opentelemetry-api\1.38.0\opentelemetry-api-1.38.0.jar;C:\Users\Preethi Mohan\.m2\repository\io\opentelemetry\opentelemetry-context\1.38.0\opentelemetry-context-1.38.0.jar;C:\Users\Preethi Mohan\.m2\repository\io\opentelemetry\opentelemetry-exporter-logging\1.38.0\opentelemetry-exporter-logging-1.38.0.jar;C:\Users\Preethi Mohan\.m2\repository\io\opentelemetry\opentelemetry-sdk-common\1.38.0\opentelemetry-sdk-common-1.38.0.jar;C:\Users\Preethi Mohan\.m2\repository\io\opentelemetry\opentelemetry-sdk-extension-autoconfigure-spi\1.38.0\opentelemetry-sdk-extension-autoconfigure-spi-1.38.0.jar;C:\Users\Preethi Mohan\.m2\repository\io\opentelemetry\opentelemetry-sdk-extension-autoconfigure\1.38.0\opentelemetry-sdk-extension-autoconfigure-1.38.0.jar;C:\Users\Preethi Mohan\.m2\repository\io\opentelemetry\opentelemetry-api-incubator\1.38.0-alpha\opentelemetry-api-incubator-1.38.0-alpha.jar;C:\Users\Preethi Mohan\.m2\repository\io\opentelemetry\opentelemetry-sdk-trace\1.38.0\opentelemetry-sdk-trace-1.38.0.jar;C:\Users\Preethi Mohan\.m2\repository\io\opentelemetry\opentelemetry-sdk\1.38.0\opentelemetry-sdk-1.38.0.jar;C:\Users\Preethi Mohan\.m2\repository\io\opentelemetry\opentelemetry-sdk-metrics\1.38.0\opentelemetry-sdk-metrics-1.38.0.jar;C:\Users\Preethi Mohan\.m2\repository\io\opentelemetry\opentelemetry-sdk-logs\1.38.0\opentelemetry-sdk-logs-1.38.0.jar;C:\Users\Preethi Mohan\.m2\repository\net\bytebuddy\byte-buddy\1.14.15\byte-buddy-1.14.15.jar;C:\Users\Preethi Mohan\.m2\repository\org\seleniumhq\selenium\selenium-os\4.21.0\selenium-os-4.21.0.jar;C:\Users\Preethi Mohan\.m2\repository\org\apache\commons\commons-exec\1.4.0\commons-exec-1.4.0.jar;C:\Users\Preethi Mohan\.m2\repository\org\seleniumhq\selenium\selenium-safari-driver\4.21.0\selenium-safari-driver-4.21.0.jar;C:\Users\Preethi Mohan\.m2\repository\org\seleniumhq\selenium\selenium-support\4.21.0\selenium-support-4.21.0.jar;C:\Users\Preethi Mohan\.m2\repository\org\testng\testng\7.10.2\testng-7.10.2.jar;C:\Users\Preethi Mohan\.m2\repository\org\slf4j\slf4j-api\1.7.36\slf4j-api-1.7.36.jar;C:\Users\Preethi Mohan\.m2\repository\com\beust\jcommander\1.82\jcommander-1.82.jar;C:\Users\Preethi Mohan\.m2\repository\org\webjars\jquery\3.7.1\jquery-3.7.1.jar;C:\Users\Preethi Mohan\.m2\repository\com\fasterxml\jackson\core\jackson-databind\2.17.1\jackson-databind-2.17.1.jar;C:\Users\Preethi Mohan\.m2\repository\com\fasterxml\jackson\core\jackson-annotations\2.17.1\jackson-annotations-2.17.1.jar;C:\Users\Preethi Mohan\.m2\repository\com\fasterxml\jackson\core\jackson-core\2.17.1\jackson-core-2.17.1.jar;C:\Users\Preethi Mohan\.m2\repository\commons-io\commons-io\2.16.1\commons-io-2.16.1.jar;C:\Users\Preethi Mohan\.m2\repository\com\aventstack\extentreports\5.1.1\extentreports-5.1.1.jar;C:\Users\Preethi Mohan\.m2\repository\io\reactivex\rxjava3\rxjava\3.1.6\rxjava-3.1.6.jar;C:\Users\Preethi Mohan\.m2\repository\org\reactivestreams\reactive-streams\1.0.4\reactive-streams-1.0.4.jar;C:\Users\Preethi Mohan\.m2\repository\org\freemarker\freemarker\2.3.32\freemarker-2.3.32.jar;C:\Users\Preethi Mohan\.m2\repository\org\projectlombok\lombok\1.18.26\lombok-1.18.26.jar;C:\Users\Preethi Mohan\.m2\repository\com\google\code\gson\gson\2.11.0\gson-2.11.0.jar;C:\Users\Preethi Mohan\.m2\repository\com\google\errorprone\error_prone_annotations\2.27.0\error_prone_annotations-2.27.0.jar;"/>
    <property name="sun.cpu.endian" value="little"/>
    <property name="user.home" value="C:\Users\Preethi Mohan"/>
    <property name="user.language" value="en"/>
    <property name="java.specification.vendor" value="Oracle Corporation"/>
    <property name="java.version.date" value="2021-10-19"/>
    <property name="java.home" value="C:\Program Files\Java\jdk-17.0.1"/>
    <property name="file.separator" value="\"/>
    <property name="basedir" value="D:\Siva\Se\seJava_Project\seJava_Project"/>
    <property name="java.vm.compressedOopsMode" value="Zero based"/>
    <property name="line.separator" value="&#10;"/>
    <property name="java.vm.specification.vendor" value="Oracle Corporation"/>
    <property name="java.specification.name" value="Java Platform API Specification"/>
    <property name="surefire.real.class.path" value="C:\Users\Preethi Mohan\AppData\Local\Temp\surefire10088572567701403355\surefirebooter-20240820101244456_3.jar"/>
    <property name="user.script" value=""/>
    <property name="sun.management.compiler" value="HotSpot 64-Bit Tiered Compilers"/>
    <property name="java.runtime.version" value="17.0.1+12-LTS-39"/>
    <property name="user.name" value="Preethi Mohan"/>
    <property name="path.separator" value=";"/>
    <property name="os.version" value="10.0"/>
    <property name="java.runtime.name" value="Java(TM) SE Runtime Environment"/>
    <property name="file.encoding" value="Cp1252"/>
    <property name="java.vm.name" value="Java HotSpot(TM) 64-Bit Server VM"/>
    <property name="localRepository" value="C:\Users\Preethi Mohan\.m2\repository"/>
    <property name="java.vendor.url.bug" value="https://bugreport.java.com/bugreport/"/>
    <property name="java.io.tmpdir" value="C:\Users\PREETH~1\AppData\Local\Temp\"/>
    <property name="java.version" value="17.0.1"/>
    <property name="user.dir" value="D:\Siva\Se\seJava_Project\seJava_Project"/>
    <property name="os.arch" value="amd64"/>
    <property name="java.vm.specification.name" value="Java Virtual Machine Specification"/>
    <property name="sun.os.patch.level" value=""/>
    <property name="native.encoding" value="Cp1252"/>
    <property name="java.library.path" value="C:\Program Files\Java\jdk-17.0.1\bin;C:\WINDOWS\Sun\Java\bin;C:\WINDOWS\system32;C:\WINDOWS;C:\Program Files (x86)\TRICENTIS\Tosca Testsuite\ToscaCommander;C:\Program Files (x86)\TRICENTIS\Tosca Testsuite\Classic;C:\Program Files (x86)\TRICENTIS\Tosca Testsuite\Classic\dll;C:\Program Files (x86)\TRICENTIS\Tosca Testsuite\Classic\dll\GuptaEngine;C:\Program Files (x86)\TRICENTIS\Tosca Testsuite\Classic\dll\DelphiEngine;C:\Program Files (x86)\TRICENTIS\Tosca Testsuite\Classic\dll\PBEngine;C:\Program Files (x86)\TRICENTIS\Tosca Testsuite\Classic\dll\VBEngine;C:\Program Files (x86)\TRICENTIS\Tosca Testsuite\Classic\dll\DotNetHooking;C:\Program Files\Common Files\Oracle\Java\javapath;C:\Windows\system32;C:\Windows;C:\Windows\System32\Wbem;C:\Windows\System32\WindowsPowerShell\v1.0\;C:\Windows\System32\OpenSSH\;C:\Program Files (x86)\NVIDIA Corporation\PhysX\Common;C:\Program Files\NVIDIA Corporation\NVIDIA NvDLISR;C:\WINDOWS\system32;C:\WINDOWS;C:\WINDOWS\System32\Wbem;C:\WINDOWS\System32\WindowsPowerShell\v1.0\;C:\WINDOWS\System32\OpenSSH\;C:\chromedriver_win32\;C:\Android;C:\Program Files\dotnet\;C:\Program Files\Microsoft SQL Server\150\Tools\Binn\;C:\Program Files\Microsoft SQL Server\Client SDK\ODBC\170\Tools\Binn\;D:\Preethi\Programs\apache-maven-3.8.5-bin\apache-maven-3.8.5\bin;C:\Program Files\Docker\Docker\resources\bin;C:\ProgramData\DockerDesktop\version-bin;C:\Users\Preethi Mohan\AppData\Local\Android\Sdk\tools\bin;C:\Program Files\nodejs\node_modules\npm\bin;C:\WINDOWS\system32;C:\WINDOWS;C:\WINDOWS\System32\Wbem;C:\WINDOWS\System32\WindowsPowerShell\v1.0\;C:\WINDOWS\System32\OpenSSH\;C:\Program Files\MySQL\MySQL Server 8.0\bin;C:\Program Files\Java\jdk-17.0.1\bin;C:\Users\91875\Downloads\apache-maven-3.9.2-bin\apache-maven-3.9.2\bin;C:\Program Files (x86)\Microsoft SQL Server\160\Tools\Binn\;C:\Program Files\Microsoft SQL Server\160\Tools\Binn\;C:\Program Files\Microsoft SQL Server\160\DTS\Binn\;C:\Program Files (x86)\Microsoft SQL Server\160\DTS\Binn\;C:\Program Files\Azure Data Studio\bin;C:\Program Files\Git\cmd;C:\Program Files\nodejs\;C:\Ruby31-x64\bin;C:\Program Files\Ruby31-x64\bin;C:\Program Files\MySQL\MySQL Shell 8.0\bin\;C:\Users\Preethi Mohan\AppData\Local\Programs\Python\Python39\Scripts\;C:\Users\Preethi Mohan\AppData\Local\Programs\Python\Python39\;C:\Users\Preethi Mohan\AppData\Local\Microsoft\WindowsApps;C:\Users\Preethi Mohan\AppData\Roaming\npm;C:\Users\Preethi Mohan\.dotnet\tools;C:\Program Files\JetBrains\IntelliJ IDEA Community Edition 2021.3\bin;;C:\Users\Preethi Mohan\AppData\Local\GitHubDesktop\bin;C:\Program Files\Maven\apache-maven-3.9.8\bin;;."/>
    <property name="java.vm.info" value="mixed mode, sharing"/>
    <property name="java.vendor" value="Oracle Corporation"/>
    <property name="java.vm.version" value="17.0.1+12-LTS-39"/>
    <property name="sun.io.unicode.encoding" value="UnicodeLittle"/>
    <property name="java.class.version" value="61.0"/>
  </properties>
  <testcase name="addProdFromDetailsPage[{--dataIndex=6, password=secret_sauce, product=Sauce Labs Bolt T-Shirt, --comment--=product details validation from product details page , username=standard_user}](1)" classname="saucelabs.testcomponents.ProductsTest" time="0.714">
    <system-err><![CDATA[SLF4J: Failed to load class "org.slf4j.impl.StaticLoggerBinder".
SLF4J: Defaulting to no-operation (NOP) logger implementation
SLF4J: See http://www.slf4j.org/codes.html#StaticLoggerBinder for further details.
]]></system-err>
  </testcase>
  <testcase name="addToCartProductErrorUser[{--dataIndex=9, password=secret_sauce, --comment--=&quot;error_user&quot; is able to add any one of the below mentioned products, username=error_user, products=[Sauce Labs Bolt T-Shirt, Sauce Labs Fleece Jacket, Test.allTheThings() T-Shirt (Red)]}](1)" classname="saucelabs.testcomponents.ProductsTest" time="0.74"/>
  <testcase name="alphaSortZtoA[{thanksText=Thank you for your order!, firstName=fname, lastName=lname, --dataIndex=4, password=secret_sauce, postalCode=78R45R, sortBy=Name (Z to A), --comment--=sort alphabetically from highest to lowest, username=standard_user}](1)" classname="saucelabs.testcomponents.ProductsTest" time="0.996"/>
  <testcase name="alphaSortedAtoZ[{thanksText=Thank you for your order!, firstName=fname, lastName=lname, --dataIndex=5, password=secret_sauce, postalCode=78R45R, sortBy=Name (A to Z), --comment--=sort alphabetically from lowest to highest, username=standard_user}](1)" classname="saucelabs.testcomponents.ProductsTest" time="0.98"/>
  <testcase name="imageOfProblemUser[{--dataIndex=11, password=secret_sauce, productImages=[/static/media/sauce-backpack-1200x1500.0a0b85a3.jpg, /static/media/bike-light-1200x1500.37c843b0.jpg, /static/media/bolt-shirt-1200x1500.c2599ac5.jpg, /static/media/sauce-pullover-1200x1500.51d7ffaf.jpg, /static/media/red-onesie-1200x1500.2ec615b2.jpg, /static/media/red-tatt-1200x1500.30dadef4.jpg], errorProductImage=/static/media/sl-404.168b1cce.jpg, --comment--=wrong  product image is displayed for &quot;problem_user&quot;, username=problem_user, products=[Sauce Labs Backpack, Sauce Labs Bike Light, Sauce Labs Bolt T-Shirt, Sauce Labs Fleece Jacket, Sauce Labs Onesie, Test.allTheThings() T-Shirt (Red)]}](1)" classname="saucelabs.testcomponents.ProductsTest" time="2.204"/>
  <testcase name="orderASingleProduct[{product_desc=[carry.allTheThings() with the sleek, streamlined Sly Pack that melds uncompromising style with unequaled laptop and tablet protection., A red light isn&apos;t the desired state in testing but it sure helps when riding your bike at night. Water-resistant with 3 lighting modes, 1 AAA battery included.], thanksText=Thank you for your order!, firstName=fname, lastName=lname, --dataIndex=1, password=secret_sauce, postalCode=78R45R, --comment--=Data for ordering single products, username=standard_user, products=[Sauce Labs Backpack]}](1)" classname="saucelabs.testcomponents.ProductsTest" time="0.841"/>
  <testcase name="orderCheapestProduct[{thanksText=Thank you for your order!, firstName=fname, lastName=lname, --dataIndex=3, password=secret_sauce, postalCode=78R45R, sortBy=Price (low to high), --comment--=sort from lowest to highest, username=standard_user}](1)" classname="saucelabs.testcomponents.ProductsTest" time="0.945"/>
  <testcase name="orderCostliestProduct[{thanksText=Thank you for your order!, firstName=fname, lastName=lname, --dataIndex=2, password=secret_sauce, postalCode=78R45R, sortBy=Price (high to low), --comment--=sort from highest to lowest, username=standard_user}](1)" classname="saucelabs.testcomponents.ProductsTest" time="0.91"/>
  <testcase name="orderMultipleProduct[{thanksText=Thank you for your order!, firstName=fname, lastName=lname, --dataIndex=0, password=secret_sauce, postalCode=78R45R, --comment--=Data for ordering multiple products, username=standard_user, products=[Sauce Labs Backpack, Sauce Labs Fleece Jacket]}](1)" classname="saucelabs.testcomponents.ProductsTest" time="1.015"/>
  <testcase name="productDetailsVerification[{productDesc=It&apos;s not every day that you come across a midweight quarter-zip fleece jacket capable of handling everything from a relaxing day outdoors to a busy day at the office., --dataIndex=7, password=secret_sauce, product=Sauce Labs Fleece Jacket, productPrice=$49.99, --comment--=product details verification in products page, username=standard_user}](1)" classname="saucelabs.testcomponents.ProductsTest" time="0.516"/>
  <testcase name="removeProductErrorUser[{--dataIndex=8, password=secret_sauce, product=Sauce Labs Backpack, --comment--=&quot;error_user&quot; is able to remove a product, username=error_user}](1)" classname="saucelabs.testcomponents.ProductsTest" time="0.348"/>
  <testcase name="sortingForErrorUser[{--dataIndex=10, password=secret_sauce, sortBy=Price (high to low), alertText=Sorting is broken! This error has been reported to Backtrace., --comment--=sorting is working for &quot;error_user&quot;, username=error_user}](1)" classname="saucelabs.testcomponents.ProductsTest" time="0.324"/>
  <testcase name="visualUserProductsPage[{firstName=fname, lastName=lname, shoppingCartAttributes=[40px, 40px, absolute, 10px, 20px], --dataIndex=12, password=secret_sauce, product=Sauce Labs Backpack, productImage=/static/media/sauce-backpack-1200x1500.0a0b85a3.jpg, postalCode=78R45R, --comment--= &quot;Products&quot; page for &quot;visual_user&quot;, username=visual_user}](1)" classname="saucelabs.testcomponents.ProductsTest" time="0.408">
    <system-out><![CDATA[Transform Value: matrix(0.99863, 0.052336, -0.052336, 0.99863, 0, 0)
]]></system-out>
  </testcase>
  <testcase name="performanceGlitchUser[{thanksText=Thank you for your order!, firstName=fname, lastName=lname, --dataIndex=3, password=secret_sauce, product=Sauce Labs Backpack, orderDispatchMessage=Your order has been dispatched, and will arrive just as fast as the pony can get there!, postalCode=78R45R, --comment--=navigate to &quot;Your Cart&quot; page from &quot;Checkout : Overview &quot; page, username=performance_glitch_user}](1)" classname="saucelabs.testcomponents.CheckoutCompleteTest" time="10.71"/>
  <testcase name="verifyThankYouMessage[{thanksText=Thank you for your order!, firstName=fname, lastName=lname, --dataIndex=3, password=secret_sauce, product=Sauce Labs Backpack, orderDispatchMessage=Your order has been dispatched, and will arrive just as fast as the pony can get there!, postalCode=78R45R, --comment--=navigate to &quot;Your Cart&quot; page from &quot;Checkout : Overview &quot; page, username=standard_user}](1)" classname="saucelabs.testcomponents.CheckoutCompleteTest" time="0.71"/>
  <testcase name="cancelOrderProcess[{firstName=fname, lastName=lname, --dataIndex=1, password=secret_sauce, product=Sauce Labs Backpack, postalCode=78R45R, --comment--=cancel the order in &quot;Checkout : Overview&quot; page, username=standard_user}](1)" classname="saucelabs.testcomponents.CheckoutOverviewTest" time="0.65"/>
  <testcase name="finishBtnErrorUser[{firstName=fname, lastName=lname, --dataIndex=4, password=secret_sauce, product=Sauce Labs Backpack, postalCode=78R45R, --comment--=error_user is able to click Finish button , username=error_user}](1)" classname="saucelabs.testcomponents.CheckoutOverviewTest" time="0.612"/>
  <testcase name="navigateToYourCartPage[{firstName=fname, lastName=lname, --dataIndex=3, password=secret_sauce, product=Sauce Labs Backpack, postalCode=78R45R, --comment--=navigate to &quot;Your Cart&quot; page from &quot;Checkout : Overview &quot; page, username=standard_user}](1)" classname="saucelabs.testcomponents.CheckoutOverviewTest" time="0.65"/>
  <testcase name="valueComputeAndVerify[{firstName=fname, lastName=lname, --dataIndex=2, password=secret_sauce, product=Sauce Labs Backpack, postalCode=78R45R, --comment--=total value of items in cart is computed correctly in &quot;Checkout : Overview &quot; page, username=standard_user}](1)" classname="saucelabs.testcomponents.CheckoutOverviewTest" time="0.648"/>
  <testcase name="verifyInfoInCheckoutOverviewPage[{firstName=fname, lastName=lname, --dataIndex=0, password=secret_sauce, product=Sauce Labs Backpack, postalCode=78R45R, shippingInfo=Free Pony Express Delivery!, paymentInfo=SauceCard #31337, --comment--=information is displayed properly in &quot;Checkout : Overview&quot; page, username=standard_user}](1)" classname="saucelabs.testcomponents.CheckoutOverviewTest" time="0.661"/>
  <testcase name="lockedOutUserTest[{loginErrorMessage=Epic sadface: Sorry, this user has been locked out., --dataIndex=2, password=secret_sauce, --comment--=locked out user is able to login to the SUT, username=locked_out_user}](1)" classname="saucelabs.testcomponents.LoginTest" time="0.21"/>
  <testcase name="wrongPassword[{loginErrorMessage=Epic sadface: Username and password do not match any user in this service, --dataIndex=1, password=random1234, --comment--=login with wrong password, username=standard_user}](1)" classname="saucelabs.testcomponents.LoginTest" time="0.22"/>
  <testcase name="wrongUserName[{loginErrorMessage=Epic sadface: Username and password do not match any user in this service, --dataIndex=0, password=secret_sauce, --comment--=login with wrong username, username=random1}](1)" classname="saucelabs.testcomponents.LoginTest" time="0.208"/>
  <testcase name="cartBadgeCount[{--dataIndex=2, password=secret_sauce, --comment--=badge count is equalent to number of items in cart, username=standard_user, products=[Sauce Labs Backpack, Sauce Labs Fleece Jacket, Sauce Labs Bike Light, Sauce Labs Bolt T-Shirt, Sauce Labs Onesie]}](1)" classname="saucelabs.testcomponents.YourCartTest" time="0.851"/>
  <testcase name="editItemsFromProductsPage[{--dataIndex=0, password=secret_sauce, productsAfterRemoval=[Sauce Labs Fleece Jacket], productToBeRemoved=Sauce Labs Backpack, --comment--=edit the cart items from products page, username=standard_user, products=[Sauce Labs Backpack, Sauce Labs Fleece Jacket]}](1)" classname="saucelabs.testcomponents.YourCartTest" time="0.588"/>
  <testcase name="editItemsInYourCartPage[{--dataIndex=4, password=secret_sauce, cartItemToBeRemoved=Sauce Labs Bike Light, --comment--=edit the cart items in Your Cart Page, username=standard_user, products=[Sauce Labs Backpack, Sauce Labs Fleece Jacket, Sauce Labs Bike Light, Sauce Labs Bolt T-Shirt, Sauce Labs Onesie]}](1)" classname="saucelabs.testcomponents.YourCartTest" time="0.844"/>
  <testcase name="removeAllItemsFromProductsPage[{--dataIndex=1, password=secret_sauce, product=Sauce Labs Onesie, productToBeRemoved=Sauce Labs Onesie, --comment--=removing all cart items from the products page, username=standard_user}](1)" classname="saucelabs.testcomponents.YourCartTest" time="0.576"/>
  <testcase name="verifyItemsInCartAfterReLogin[{--dataIndex=3, password=secret_sauce, --comment--= products in cart are retained when the user logs out and re-login, username=standard_user, products=[Sauce Labs Backpack, Sauce Labs Fleece Jacket, Sauce Labs Bike Light, Sauce Labs Bolt T-Shirt, Sauce Labs Onesie]}](1)" classname="saucelabs.testcomponents.YourCartTest" time="1.963"/>
  <testcase name="cancelProcessFromYourInformationPage[{firstName=fname, lastName=lname, --dataIndex=1, password=secret_sauce, postalCode=78R45R, --comment--= cancel the order in &quot;Your Information&quot; page, username=standard_user, products=[Sauce Labs Backpack, Sauce Labs Fleece Jacket]}](1)" classname="saucelabs.testcomponents.YourInformationTest" time="0.684"/>
  <testcase name="enterInfoInYourInfoPage[{firstName=fname, lastName=lname, --dataIndex=0, password=secret_sauce, postalCode=78R45R, --comment--=personal information in the &quot;Your Information&quot; page, username=standard_user, products=[Sauce Labs Backpack, Sauce Labs Fleece Jacket]}](1)" classname="saucelabs.testcomponents.YourInformationTest" time="0.667"/>
  <testcase name="enterLastNameErrorUser[{firstName=fname, lastName=lname, --dataIndex=3, password=secret_sauce, product=Sauce Labs Backpack, postalCode=78R45R, --comment--=error_user is able to provide last name, username=error_user}](1)" classname="saucelabs.testcomponents.YourInformationTest" time="0.547"/>
  <testcase name="navigateToCartPageFromInfoPage[{--dataIndex=2, password=secret_sauce, --comment--=navigate to &quot;Your Cart&quot; page from &quot;Your Information&quot; Page, username=standard_user, products=[Sauce Labs Backpack, Sauce Labs Fleece Jacket]}](1)" classname="saucelabs.testcomponents.YourInformationTest" time="0.509"/>
</testsuite>