<?xml version="1.0" encoding="UTF-8"?>
<!-- Generated by org.testng.reporters.JUnitReportReporter -->
<testsuite hostname="PREETHI" failures="0" tests="3" name="saucelabs.testcomponents.LoginTest" time="3.699" errors="0" timestamp="2024-08-20T10:14:03 IST" skipped="0">
  <testcase classname="saucelabs.testcomponents.LoginTest" name="wrongPassword" time="1.258"/>
  <testcase classname="saucelabs.testcomponents.LoginTest" name="lockedOutUserTest" time="1.208"/>
  <testcase classname="saucelabs.testcomponents.LoginTest" name="wrongUserName" time="1.233"/>
</testsuite> <!-- saucelabs.testcomponents.LoginTest -->
