<?xml version="1.0" encoding="UTF-8"?>
<!-- Generated by org.testng.reporters.JUnitReportReporter -->
<testsuite hostname="PREETHI" failures="0" tests="4" name="saucelabs.testcomponents.YourInformationTest" time="6.675" errors="0" timestamp="2024-08-20T10:14:03 IST" skipped="0">
  <testcase classname="saucelabs.testcomponents.YourInformationTest" name="navigateToCartPageFromInfoPage" time="1.599"/>
  <testcase classname="saucelabs.testcomponents.YourInformationTest" name="enterLastNameErrorUser" time="1.583"/>
  <testcase classname="saucelabs.testcomponents.YourInformationTest" name="cancelProcessFromYourInformationPage" time="1.812"/>
  <testcase classname="saucelabs.testcomponents.YourInformationTest" name="enterInfoInYourInfoPage" time="1.681"/>
</testsuite> <!-- saucelabs.testcomponents.YourInformationTest -->
