<?xml version="1.0" encoding="UTF-8"?>
<!-- Generated by org.testng.reporters.JUnitReportReporter -->
<testsuite hostname="PREETHI" failures="0" tests="13" name="saucelabs.testcomponents.ProductsTest" time="34.822" errors="0" timestamp="2024-08-20T10:14:03 IST" skipped="0">
  <testcase classname="saucelabs.testcomponents.ProductsTest" name="addToCartProductErrorUser" time="1.851"/>
  <testcase classname="saucelabs.testcomponents.ProductsTest" name="addProdFromDetailsPage" time="1.835"/>
  <testcase classname="saucelabs.testcomponents.ProductsTest" name="orderCostliestProduct" time="2.049"/>
  <testcase classname="saucelabs.testcomponents.ProductsTest" name="orderCheapestProduct" time="2.010"/>
  <testcase classname="saucelabs.testcomponents.ProductsTest" name="imageOfProblemUser" time="3.272"/>
  <testcase classname="saucelabs.testcomponents.ProductsTest" name="orderASingleProduct" time="1.880"/>
  <testcase classname="saucelabs.testcomponents.ProductsTest" name="productDetailsVerification" time="1.633"/>
  <testcase classname="saucelabs.testcomponents.ProductsTest" name="sortingForErrorUser" time="1.432"/>
  <testcase classname="saucelabs.testcomponents.ProductsTest" name="alphaSortZtoA" time="2.082"/>
  <testcase classname="saucelabs.testcomponents.ProductsTest" name="alphaSortedAtoZ" time="2.122"/>
  <testcase classname="saucelabs.testcomponents.ProductsTest" name="removeProductErrorUser" time="1.440"/>
  <testcase classname="saucelabs.testcomponents.ProductsTest" name="orderMultipleProduct" time="2.103"/>
  <testcase classname="saucelabs.testcomponents.ProductsTest" name="visualUserProductsPage" time="11.113"/>
</testsuite> <!-- saucelabs.testcomponents.ProductsTest -->
