<?xml version="1.0" encoding="UTF-8"?>
<!-- Generated by org.testng.reporters.JUnitReportReporter -->
<testsuite hostname="PREETHI" failures="0" tests="5" name="saucelabs.testcomponents.CheckoutOverviewTest" time="8.509" errors="0" timestamp="2024-08-20T10:14:03 IST" skipped="0">
  <testcase classname="saucelabs.testcomponents.CheckoutOverviewTest" name="cancelOrderProcess" time="1.705"/>
  <testcase classname="saucelabs.testcomponents.CheckoutOverviewTest" name="verifyInfoInCheckoutOverviewPage" time="1.692"/>
  <testcase classname="saucelabs.testcomponents.CheckoutOverviewTest" name="navigateToYourCartPage" time="1.668"/>
  <testcase classname="saucelabs.testcomponents.CheckoutOverviewTest" name="finishBtnErrorUser" time="1.691"/>
  <testcase classname="saucelabs.testcomponents.CheckoutOverviewTest" name="valueComputeAndVerify" time="1.753"/>
</testsuite> <!-- saucelabs.testcomponents.CheckoutOverviewTest -->
