<?xml version="1.0" encoding="UTF-8"?>
<!-- Generated by org.testng.reporters.JUnitReportReporter -->
<testsuite hostname="PREETHI" failures="0" tests="1" name="saucelabs.testcomponents.ProductsTest" time="3.225" errors="0" timestamp="2024-06-30T23:16:38 IST" skipped="0">
  <testcase classname="saucelabs.testcomponents.ProductsTest" name="productDetailsVerification" time="3.225"/>
</testsuite> <!-- saucelabs.testcomponents.ProductsTest -->
