<?xml version="1.0" encoding="UTF-8"?>
<!-- Generated by org.testng.reporters.JUnitReportReporter -->
<testsuite hostname="PREETHI" failures="0" tests="1" name="saucelabs.testcomponents.happyPathTest" time="3.859" errors="0" timestamp="2024-07-05T10:29:42 IST" skipped="0">
  <testcase classname="saucelabs.testcomponents.happyPathTest" name="demoTest" time="3.859"/>
</testsuite> <!-- saucelabs.testcomponents.happyPathTest -->
