<?xml version="1.0" encoding="UTF-8"?>
<!-- Generated by org.testng.reporters.JUnitReportReporter -->
<testsuite hostname="PREETHI" failures="0" tests="2" name="saucelabs.testcomponents.CheckoutCompleteTest" time="13.566" errors="0" timestamp="2024-08-20T10:14:03 IST" skipped="0">
  <testcase classname="saucelabs.testcomponents.CheckoutCompleteTest" name="verifyThankYouMessage" time="1.821"/>
  <testcase classname="saucelabs.testcomponents.CheckoutCompleteTest" name="performanceGlitchUser" time="11.745"/>
</testsuite> <!-- saucelabs.testcomponents.CheckoutCompleteTest -->
