<?xml version="1.0" encoding="UTF-8"?>
<!-- Generated by org.testng.reporters.JUnitReportReporter -->
<testsuite hostname="PREETHI" failures="0" tests="1" name="saucelabs.testcomponents.happyPathTest" time="4.274" errors="0" timestamp="2024-07-05T11:12:56 IST" skipped="0">
  <testcase classname="saucelabs.testcomponents.happyPathTest" name="demoTest" time="4.274"/>
</testsuite> <!-- saucelabs.testcomponents.happyPathTest -->
