<?xml version="1.0" encoding="UTF-8"?>
<!-- Generated by org.testng.reporters.JUnitReportReporter -->
<testsuite hostname="PREETHI" failures="0" tests="5" name="saucelabs.testcomponents.YourCartTest" time="9.973" errors="0" timestamp="2024-08-20T10:14:03 IST" skipped="0">
  <testcase classname="saucelabs.testcomponents.YourCartTest" name="cartBadgeCount" time="1.856"/>
  <testcase classname="saucelabs.testcomponents.YourCartTest" name="verifyItemsInCartAfterReLogin" time="3.061"/>
  <testcase classname="saucelabs.testcomponents.YourCartTest" name="editItemsFromProductsPage" time="1.615"/>
  <testcase classname="saucelabs.testcomponents.YourCartTest" name="removeAllItemsFromProductsPage" time="1.604"/>
  <testcase classname="saucelabs.testcomponents.YourCartTest" name="editItemsInYourCartPage" time="1.837"/>
</testsuite> <!-- saucelabs.testcomponents.YourCartTest -->
