<?xml version="1.0" encoding="UTF-8"?>
<!-- Generated by org.testng.reporters.JUnitReportReporter -->
<testsuite hostname="PREETHI" failures="0" tests="7" name="saucelabs.testcomponents.ProductsTest" time="23.020" errors="0" timestamp="2024-07-22T19:17:46 IST" skipped="0">
  <testcase classname="saucelabs.testcomponents.ProductsTest" name="alphaSortZtoA" time="10.303"/>
  <testcase classname="saucelabs.testcomponents.ProductsTest" name="alphaSortedAtoZ" time="2.189"/>
  <testcase classname="saucelabs.testcomponents.ProductsTest" name="orderMultipleProduct" time="2.207"/>
  <testcase classname="saucelabs.testcomponents.ProductsTest" name="orderCheapestProduct" time="2.204"/>
  <testcase classname="saucelabs.testcomponents.ProductsTest" name="orderCostliestProduct" time="2.098"/>
  <testcase classname="saucelabs.testcomponents.ProductsTest" name="addProdFromDetailsPage" time="2.007"/>
  <testcase classname="saucelabs.testcomponents.ProductsTest" name="orderASingleProduct" time="2.012"/>
</testsuite> <!-- saucelabs.testcomponents.ProductsTest -->
